[0.130s] Invoking command in '/home/miguel/ros2_ws/cpp_pubsub/build/cpp_pubsub': CMAKE_PREFIX_PATH=${CMAKE_PREFIX_PATH}:/opt/ros/jazzy DEBUGINFOD_URLS=https://debuginfod.ubuntu.com /usr/bin/cmake /home/miguel/ros2_ws/cpp_pubsub -DCMAKE_INSTALL_PREFIX=/home/miguel/ros2_ws/cpp_pubsub/install/cpp_pubsub
[1.201s] -- The C compiler identification is GNU 13.3.0
[1.709s] -- The CXX compiler identification is GNU 13.3.0
[2.122s] -- Detecting C compiler ABI info
[2.556s] -- Detecting C compiler ABI info - done
[2.574s] -- Check for working C compiler: /usr/bin/cc - skipped
[2.575s] -- Detecting C compile features
[2.588s] -- Detecting C compile features - done
[2.682s] -- Detecting CXX compiler ABI info
[2.939s] -- Detecting CXX compiler ABI info - done
[2.964s] -- Check for working CXX compiler: /usr/bin/c++ - skipped
[2.964s] -- Detecting CXX compile features
[2.965s] -- Detecting CXX compile features - done
[3.136s] -- Found ament_cmake: 2.5.3 (/opt/ros/jazzy/share/ament_cmake/cmake)
[3.632s] -- Found Python3: /usr/bin/python3 (found version "3.12.3") found components: Interpreter 
[4.138s] -- Found ament_lint_auto: 0.17.1 (/opt/ros/jazzy/share/ament_lint_auto/cmake)
[4.605s] -- Added test 'cppcheck' to perform static code analysis on C / C++ code
[4.606s] -- Configured cppcheck include dirs: 
[4.606s] -- Configured cppcheck exclude dirs and/or files: 
[4.616s] -- Added test 'lint_cmake' to check CMake code style
[4.640s] -- Added test 'uncrustify' to check C / C++ code style
[4.640s] -- Configured uncrustify additional arguments: 
[4.646s] -- Added test 'xmllint' to check XML markup files
[4.651s] -- Configuring done (4.3s)
[4.673s] -- Generating done (0.0s)
[4.682s] -- Build files have been written to: /home/miguel/ros2_ws/cpp_pubsub/build/cpp_pubsub
[4.690s] Invoked command in '/home/miguel/ros2_ws/cpp_pubsub/build/cpp_pubsub' returned '0': CMAKE_PREFIX_PATH=${CMAKE_PREFIX_PATH}:/opt/ros/jazzy DEBUGINFOD_URLS=https://debuginfod.ubuntu.com /usr/bin/cmake /home/miguel/ros2_ws/cpp_pubsub -DCMAKE_INSTALL_PREFIX=/home/miguel/ros2_ws/cpp_pubsub/install/cpp_pubsub
[4.693s] Invoking command in '/home/miguel/ros2_ws/cpp_pubsub/build/cpp_pubsub': CMAKE_PREFIX_PATH=${CMAKE_PREFIX_PATH}:/opt/ros/jazzy DEBUGINFOD_URLS=https://debuginfod.ubuntu.com /usr/bin/cmake --build /home/miguel/ros2_ws/cpp_pubsub/build/cpp_pubsub -- -j4 -l4
[4.774s] Invoked command in '/home/miguel/ros2_ws/cpp_pubsub/build/cpp_pubsub' returned '0': CMAKE_PREFIX_PATH=${CMAKE_PREFIX_PATH}:/opt/ros/jazzy DEBUGINFOD_URLS=https://debuginfod.ubuntu.com /usr/bin/cmake --build /home/miguel/ros2_ws/cpp_pubsub/build/cpp_pubsub -- -j4 -l4
[4.795s] Invoking command in '/home/miguel/ros2_ws/cpp_pubsub/build/cpp_pubsub': CMAKE_PREFIX_PATH=${CMAKE_PREFIX_PATH}:/opt/ros/jazzy DEBUGINFOD_URLS=https://debuginfod.ubuntu.com /usr/bin/cmake --install /home/miguel/ros2_ws/cpp_pubsub/build/cpp_pubsub
[4.812s] -- Install configuration: ""
[4.812s] -- Installing: /home/miguel/ros2_ws/cpp_pubsub/install/cpp_pubsub/share/ament_index/resource_index/package_run_dependencies/cpp_pubsub
[4.812s] -- Installing: /home/miguel/ros2_ws/cpp_pubsub/install/cpp_pubsub/share/ament_index/resource_index/parent_prefix_path/cpp_pubsub
[4.813s] -- Installing: /home/miguel/ros2_ws/cpp_pubsub/install/cpp_pubsub/share/cpp_pubsub/environment/ament_prefix_path.sh
[4.813s] -- Installing: /home/miguel/ros2_ws/cpp_pubsub/install/cpp_pubsub/share/cpp_pubsub/environment/ament_prefix_path.dsv
[4.813s] -- Installing: /home/miguel/ros2_ws/cpp_pubsub/install/cpp_pubsub/share/cpp_pubsub/environment/path.sh
[4.814s] -- Installing: /home/miguel/ros2_ws/cpp_pubsub/install/cpp_pubsub/share/cpp_pubsub/environment/path.dsv
[4.814s] -- Installing: /home/miguel/ros2_ws/cpp_pubsub/install/cpp_pubsub/share/cpp_pubsub/local_setup.bash
[4.814s] -- Installing: /home/miguel/ros2_ws/cpp_pubsub/install/cpp_pubsub/share/cpp_pubsub/local_setup.sh
[4.815s] -- Installing: /home/miguel/ros2_ws/cpp_pubsub/install/cpp_pubsub/share/cpp_pubsub/local_setup.zsh
[4.815s] -- Installing: /home/miguel/ros2_ws/cpp_pubsub/install/cpp_pubsub/share/cpp_pubsub/local_setup.dsv
[4.815s] -- Installing: /home/miguel/ros2_ws/cpp_pubsub/install/cpp_pubsub/share/cpp_pubsub/package.dsv
[4.816s] -- Installing: /home/miguel/ros2_ws/cpp_pubsub/install/cpp_pubsub/share/ament_index/resource_index/packages/cpp_pubsub
[4.816s] -- Installing: /home/miguel/ros2_ws/cpp_pubsub/install/cpp_pubsub/share/cpp_pubsub/cmake/cpp_pubsubConfig.cmake
[4.817s] -- Installing: /home/miguel/ros2_ws/cpp_pubsub/install/cpp_pubsub/share/cpp_pubsub/cmake/cpp_pubsubConfig-version.cmake
[4.819s] -- Installing: /home/miguel/ros2_ws/cpp_pubsub/install/cpp_pubsub/share/cpp_pubsub/package.xml
[4.820s] Invoked command in '/home/miguel/ros2_ws/cpp_pubsub/build/cpp_pubsub' returned '0': CMAKE_PREFIX_PATH=${CMAKE_PREFIX_PATH}:/opt/ros/jazzy DEBUGINFOD_URLS=https://debuginfod.ubuntu.com /usr/bin/cmake --install /home/miguel/ros2_ws/cpp_pubsub/build/cpp_pubsub
