[4.381s] DEBUG:colcon:Command line arguments: ['/usr/bin/colcon', 'build']
[4.381s] DEBUG:colcon:Parsed command line arguments: Namespace(log_base=None, log_level=None, verb_name='build', build_base='build', install_base='install', merge_install=False, symlink_install=False, test_result_base=None, continue_on_error=False, executor='parallel', parallel_workers=4, event_handlers=None, ignore_user_meta=False, metas=['./colcon.meta'], base_paths=['.'], packages_ignore=None, packages_ignore_regex=None, paths=None, packages_up_to=None, packages_up_to_regex=None, packages_above=None, packages_above_and_dependencies=None, packages_above_depth=None, packages_select_by_dep=None, packages_skip_by_dep=None, packages_skip_up_to=None, packages_select_build_failed=False, packages_skip_build_finished=False, packages_select_test_failures=False, packages_skip_test_passed=False, packages_select=None, packages_skip=None, packages_select_regex=None, packages_skip_regex=None, packages_start=None, packages_end=None, allow_overriding=[], cmake_args=None, cmake_target=None, cmake_target_skip_unavailable=False, cmake_clean_cache=False, cmake_clean_first=False, cmake_force_configure=False, ament_cmake_args=None, catkin_cmake_args=None, catkin_skip_building_tests=False, mixin_files=None, mixin=None, verb_parser=<colcon_mixin.mixin.mixin_argument.MixinArgumentDecorator object at 0x711cf6433f80>, verb_extension=<colcon_core.verb.build.BuildVerb object at 0x711cf63d5df0>, main=<bound method BuildVerb.main of <colcon_core.verb.build.BuildVerb object at 0x711cf63d5df0>>, mixin_verb=('build',))
[4.996s] Level 1:colcon.colcon_core.package_discovery:discover_packages(colcon_meta) check parameters
[4.998s] Level 1:colcon.colcon_core.package_discovery:discover_packages(recursive) check parameters
[4.998s] Level 1:colcon.colcon_core.package_discovery:discover_packages(ignore) check parameters
[4.998s] Level 1:colcon.colcon_core.package_discovery:discover_packages(path) check parameters
[4.998s] Level 1:colcon.colcon_core.package_discovery:discover_packages(colcon_meta) discover
[4.999s] Level 1:colcon.colcon_core.package_discovery:discover_packages(recursive) discover
[4.999s] INFO:colcon.colcon_core.package_discovery:Crawling recursively for packages in '/home/miguel/ros2_ws/cpp_pubsub'
[4.999s] Level 1:colcon.colcon_core.package_identification:_identify(.) by extensions ['ignore', 'ignore_ament_install']
[5.000s] Level 1:colcon.colcon_core.package_identification:_identify(.) by extension 'ignore'
[5.000s] Level 1:colcon.colcon_core.package_identification:_identify(.) by extension 'ignore_ament_install'
[5.001s] Level 1:colcon.colcon_core.package_identification:_identify(.) by extensions ['colcon_pkg']
[5.001s] Level 1:colcon.colcon_core.package_identification:_identify(.) by extension 'colcon_pkg'
[5.001s] Level 1:colcon.colcon_core.package_identification:_identify(.) by extensions ['colcon_meta']
[5.002s] Level 1:colcon.colcon_core.package_identification:_identify(.) by extension 'colcon_meta'
[5.002s] Level 1:colcon.colcon_core.package_identification:_identify(.) by extensions ['ros']
[5.002s] Level 1:colcon.colcon_core.package_identification:_identify(.) by extension 'ros'
[5.276s] DEBUG:colcon.colcon_core.package_identification:Package '.' with type 'ros.ament_cmake' and name 'cpp_pubsub'
[5.276s] Level 1:colcon.colcon_core.package_discovery:discover_packages(recursive) using defaults
[5.277s] Level 1:colcon.colcon_core.package_discovery:discover_packages(ignore) discover
[5.277s] Level 1:colcon.colcon_core.package_discovery:discover_packages(ignore) using defaults
[5.277s] Level 1:colcon.colcon_core.package_discovery:discover_packages(path) discover
[5.277s] Level 1:colcon.colcon_core.package_discovery:discover_packages(path) using defaults
[5.654s] Level 1:colcon.colcon_core.package_discovery:discover_packages(prefix_path) check parameters
[5.654s] Level 1:colcon.colcon_core.package_discovery:discover_packages(prefix_path) discover
[5.873s] DEBUG:colcon.colcon_installed_package_information.package_discovery:Found 2 installed packages in /home/miguel/ros2_ws/install
[5.908s] DEBUG:colcon.colcon_installed_package_information.package_discovery:Found 316 installed packages in /opt/ros/jazzy
[5.915s] Level 1:colcon.colcon_core.package_discovery:discover_packages(prefix_path) using defaults
[9.139s] Level 5:colcon.colcon_core.verb:set package 'cpp_pubsub' build argument 'cmake_args' from command line to 'None'
[9.139s] Level 5:colcon.colcon_core.verb:set package 'cpp_pubsub' build argument 'cmake_target' from command line to 'None'
[9.140s] Level 5:colcon.colcon_core.verb:set package 'cpp_pubsub' build argument 'cmake_target_skip_unavailable' from command line to 'False'
[9.140s] Level 5:colcon.colcon_core.verb:set package 'cpp_pubsub' build argument 'cmake_clean_cache' from command line to 'False'
[9.140s] Level 5:colcon.colcon_core.verb:set package 'cpp_pubsub' build argument 'cmake_clean_first' from command line to 'False'
[9.140s] Level 5:colcon.colcon_core.verb:set package 'cpp_pubsub' build argument 'cmake_force_configure' from command line to 'False'
[9.140s] Level 5:colcon.colcon_core.verb:set package 'cpp_pubsub' build argument 'ament_cmake_args' from command line to 'None'
[9.140s] Level 5:colcon.colcon_core.verb:set package 'cpp_pubsub' build argument 'catkin_cmake_args' from command line to 'None'
[9.140s] Level 5:colcon.colcon_core.verb:set package 'cpp_pubsub' build argument 'catkin_skip_building_tests' from command line to 'False'
[9.140s] DEBUG:colcon.colcon_core.verb:Building package 'cpp_pubsub' with the following arguments: {'ament_cmake_args': None, 'build_base': '/home/miguel/ros2_ws/cpp_pubsub/build/cpp_pubsub', 'catkin_cmake_args': None, 'catkin_skip_building_tests': False, 'cmake_args': None, 'cmake_clean_cache': False, 'cmake_clean_first': False, 'cmake_force_configure': False, 'cmake_target': None, 'cmake_target_skip_unavailable': False, 'install_base': '/home/miguel/ros2_ws/cpp_pubsub/install/cpp_pubsub', 'merge_install': False, 'path': '/home/miguel/ros2_ws/cpp_pubsub', 'symlink_install': False, 'test_result_base': None}
[9.140s] INFO:colcon.colcon_core.executor:Executing jobs using 'parallel' executor
[9.142s] DEBUG:colcon.colcon_parallel_executor.executor.parallel:run_until_complete
[9.142s] INFO:colcon.colcon_ros.task.ament_cmake.build:Building ROS package in '/home/miguel/ros2_ws/cpp_pubsub' with build type 'ament_cmake'
[9.143s] INFO:colcon.colcon_cmake.task.cmake.build:Building CMake package in '/home/miguel/ros2_ws/cpp_pubsub'
[9.222s] INFO:colcon.colcon_core.plugin_system:Skipping extension 'colcon_core.shell.bat': Not used on non-Windows systems
[9.223s] INFO:colcon.colcon_core.shell:Skip shell extension 'powershell' for command environment: Not usable outside of PowerShell
[9.224s] DEBUG:colcon.colcon_core.shell:Skip shell extension 'dsv' for command environment
[9.273s] DEBUG:colcon.colcon_core.event_handler.log_command:Invoking command in '/home/miguel/ros2_ws/cpp_pubsub/build/cpp_pubsub': CMAKE_PREFIX_PATH=${CMAKE_PREFIX_PATH}:/opt/ros/jazzy DEBUGINFOD_URLS=https://debuginfod.ubuntu.com /usr/bin/cmake /home/miguel/ros2_ws/cpp_pubsub -DCMAKE_INSTALL_PREFIX=/home/miguel/ros2_ws/cpp_pubsub/install/cpp_pubsub
[13.833s] DEBUG:colcon.colcon_core.event_handler.log_command:Invoked command in '/home/miguel/ros2_ws/cpp_pubsub/build/cpp_pubsub' returned '0': CMAKE_PREFIX_PATH=${CMAKE_PREFIX_PATH}:/opt/ros/jazzy DEBUGINFOD_URLS=https://debuginfod.ubuntu.com /usr/bin/cmake /home/miguel/ros2_ws/cpp_pubsub -DCMAKE_INSTALL_PREFIX=/home/miguel/ros2_ws/cpp_pubsub/install/cpp_pubsub
[13.836s] DEBUG:colcon.colcon_core.event_handler.log_command:Invoking command in '/home/miguel/ros2_ws/cpp_pubsub/build/cpp_pubsub': CMAKE_PREFIX_PATH=${CMAKE_PREFIX_PATH}:/opt/ros/jazzy DEBUGINFOD_URLS=https://debuginfod.ubuntu.com /usr/bin/cmake --build /home/miguel/ros2_ws/cpp_pubsub/build/cpp_pubsub -- -j4 -l4
[13.917s] DEBUG:colcon.colcon_core.event_handler.log_command:Invoked command in '/home/miguel/ros2_ws/cpp_pubsub/build/cpp_pubsub' returned '0': CMAKE_PREFIX_PATH=${CMAKE_PREFIX_PATH}:/opt/ros/jazzy DEBUGINFOD_URLS=https://debuginfod.ubuntu.com /usr/bin/cmake --build /home/miguel/ros2_ws/cpp_pubsub/build/cpp_pubsub -- -j4 -l4
[13.938s] DEBUG:colcon.colcon_core.event_handler.log_command:Invoking command in '/home/miguel/ros2_ws/cpp_pubsub/build/cpp_pubsub': CMAKE_PREFIX_PATH=${CMAKE_PREFIX_PATH}:/opt/ros/jazzy DEBUGINFOD_URLS=https://debuginfod.ubuntu.com /usr/bin/cmake --install /home/miguel/ros2_ws/cpp_pubsub/build/cpp_pubsub
[13.962s] Level 1:colcon.colcon_core.environment:create_environment_scripts_only(cpp_pubsub)
[13.963s] DEBUG:colcon.colcon_core.event_handler.log_command:Invoked command in '/home/miguel/ros2_ws/cpp_pubsub/build/cpp_pubsub' returned '0': CMAKE_PREFIX_PATH=${CMAKE_PREFIX_PATH}:/opt/ros/jazzy DEBUGINFOD_URLS=https://debuginfod.ubuntu.com /usr/bin/cmake --install /home/miguel/ros2_ws/cpp_pubsub/build/cpp_pubsub
[14.056s] Level 1:colcon.colcon_core.environment:checking '/home/miguel/ros2_ws/cpp_pubsub/install/cpp_pubsub' for CMake module files
[14.057s] Level 1:colcon.colcon_core.environment:checking '/home/miguel/ros2_ws/cpp_pubsub/install/cpp_pubsub' for CMake config files
[14.058s] Level 1:colcon.colcon_core.shell:create_environment_hook('cpp_pubsub', 'cmake_prefix_path')
[14.059s] INFO:colcon.colcon_core.shell:Creating environment hook '/home/miguel/ros2_ws/cpp_pubsub/install/cpp_pubsub/share/cpp_pubsub/hook/cmake_prefix_path.ps1'
[14.077s] INFO:colcon.colcon_core.shell:Creating environment descriptor '/home/miguel/ros2_ws/cpp_pubsub/install/cpp_pubsub/share/cpp_pubsub/hook/cmake_prefix_path.dsv'
[14.094s] INFO:colcon.colcon_core.shell:Creating environment hook '/home/miguel/ros2_ws/cpp_pubsub/install/cpp_pubsub/share/cpp_pubsub/hook/cmake_prefix_path.sh'
[14.099s] Level 1:colcon.colcon_core.environment:checking '/home/miguel/ros2_ws/cpp_pubsub/install/cpp_pubsub/bin'
[14.099s] Level 1:colcon.colcon_core.environment:checking '/home/miguel/ros2_ws/cpp_pubsub/install/cpp_pubsub/lib/pkgconfig/cpp_pubsub.pc'
[14.102s] Level 1:colcon.colcon_core.environment:checking '/home/miguel/ros2_ws/cpp_pubsub/install/cpp_pubsub/lib/python3.12/site-packages'
[14.102s] Level 1:colcon.colcon_core.environment:checking '/home/miguel/ros2_ws/cpp_pubsub/install/cpp_pubsub/bin'
[14.103s] INFO:colcon.colcon_core.shell:Creating package script '/home/miguel/ros2_ws/cpp_pubsub/install/cpp_pubsub/share/cpp_pubsub/package.ps1'
[14.111s] INFO:colcon.colcon_core.shell:Creating package descriptor '/home/miguel/ros2_ws/cpp_pubsub/install/cpp_pubsub/share/cpp_pubsub/package.dsv'
[14.124s] INFO:colcon.colcon_core.shell:Creating package script '/home/miguel/ros2_ws/cpp_pubsub/install/cpp_pubsub/share/cpp_pubsub/package.sh'
[14.128s] INFO:colcon.colcon_core.shell:Creating package script '/home/miguel/ros2_ws/cpp_pubsub/install/cpp_pubsub/share/cpp_pubsub/package.bash'
[14.200s] INFO:colcon.colcon_core.shell:Creating package script '/home/miguel/ros2_ws/cpp_pubsub/install/cpp_pubsub/share/cpp_pubsub/package.zsh'
[14.220s] Level 1:colcon.colcon_core.environment:create_file_with_runtime_dependencies(/home/miguel/ros2_ws/cpp_pubsub/install/cpp_pubsub/share/colcon-core/packages/cpp_pubsub)
[14.222s] Level 1:colcon.colcon_core.environment:create_environment_scripts_only(cpp_pubsub)
[14.222s] Level 1:colcon.colcon_core.environment:checking '/home/miguel/ros2_ws/cpp_pubsub/install/cpp_pubsub' for CMake module files
[14.223s] Level 1:colcon.colcon_core.environment:checking '/home/miguel/ros2_ws/cpp_pubsub/install/cpp_pubsub' for CMake config files
[14.224s] Level 1:colcon.colcon_core.shell:create_environment_hook('cpp_pubsub', 'cmake_prefix_path')
[14.224s] INFO:colcon.colcon_core.shell:Creating environment hook '/home/miguel/ros2_ws/cpp_pubsub/install/cpp_pubsub/share/cpp_pubsub/hook/cmake_prefix_path.ps1'
[14.226s] INFO:colcon.colcon_core.shell:Creating environment descriptor '/home/miguel/ros2_ws/cpp_pubsub/install/cpp_pubsub/share/cpp_pubsub/hook/cmake_prefix_path.dsv'
[14.227s] INFO:colcon.colcon_core.shell:Creating environment hook '/home/miguel/ros2_ws/cpp_pubsub/install/cpp_pubsub/share/cpp_pubsub/hook/cmake_prefix_path.sh'
[14.228s] Level 1:colcon.colcon_core.environment:checking '/home/miguel/ros2_ws/cpp_pubsub/install/cpp_pubsub/bin'
[14.228s] Level 1:colcon.colcon_core.environment:checking '/home/miguel/ros2_ws/cpp_pubsub/install/cpp_pubsub/lib/pkgconfig/cpp_pubsub.pc'
[14.229s] Level 1:colcon.colcon_core.environment:checking '/home/miguel/ros2_ws/cpp_pubsub/install/cpp_pubsub/lib/python3.12/site-packages'
[14.229s] Level 1:colcon.colcon_core.environment:checking '/home/miguel/ros2_ws/cpp_pubsub/install/cpp_pubsub/bin'
[14.230s] INFO:colcon.colcon_core.shell:Creating package script '/home/miguel/ros2_ws/cpp_pubsub/install/cpp_pubsub/share/cpp_pubsub/package.ps1'
[14.231s] INFO:colcon.colcon_core.shell:Creating package descriptor '/home/miguel/ros2_ws/cpp_pubsub/install/cpp_pubsub/share/cpp_pubsub/package.dsv'
[14.233s] INFO:colcon.colcon_core.shell:Creating package script '/home/miguel/ros2_ws/cpp_pubsub/install/cpp_pubsub/share/cpp_pubsub/package.sh'
[14.234s] INFO:colcon.colcon_core.shell:Creating package script '/home/miguel/ros2_ws/cpp_pubsub/install/cpp_pubsub/share/cpp_pubsub/package.bash'
[14.235s] INFO:colcon.colcon_core.shell:Creating package script '/home/miguel/ros2_ws/cpp_pubsub/install/cpp_pubsub/share/cpp_pubsub/package.zsh'
[14.236s] Level 1:colcon.colcon_core.environment:create_file_with_runtime_dependencies(/home/miguel/ros2_ws/cpp_pubsub/install/cpp_pubsub/share/colcon-core/packages/cpp_pubsub)
[14.237s] DEBUG:colcon.colcon_parallel_executor.executor.parallel:closing loop
[14.238s] DEBUG:colcon.colcon_parallel_executor.executor.parallel:loop closed
[14.238s] DEBUG:colcon.colcon_parallel_executor.executor.parallel:run_until_complete finished with '0'
[14.238s] DEBUG:colcon.colcon_core.event_reactor:joining thread
[14.382s] INFO:colcon.colcon_core.plugin_system:Skipping extension 'colcon_notification.desktop_notification.terminal_notifier': Not used on non-Darwin systems
[14.382s] INFO:colcon.colcon_core.plugin_system:Skipping extension 'colcon_notification.desktop_notification.win32': Not used on non-Windows systems
[14.383s] INFO:colcon.colcon_notification.desktop_notification:Sending desktop notification using 'notify2'
[14.429s] DEBUG:colcon.colcon_core.event_reactor:joined thread
[14.430s] INFO:colcon.colcon_core.shell:Creating prefix script '/home/miguel/ros2_ws/cpp_pubsub/install/local_setup.ps1'
[14.432s] INFO:colcon.colcon_core.shell:Creating prefix util module '/home/miguel/ros2_ws/cpp_pubsub/install/_local_setup_util_ps1.py'
[14.435s] INFO:colcon.colcon_core.shell:Creating prefix chain script '/home/miguel/ros2_ws/cpp_pubsub/install/setup.ps1'
[14.439s] INFO:colcon.colcon_core.shell:Creating prefix script '/home/miguel/ros2_ws/cpp_pubsub/install/local_setup.sh'
[14.441s] INFO:colcon.colcon_core.shell:Creating prefix util module '/home/miguel/ros2_ws/cpp_pubsub/install/_local_setup_util_sh.py'
[14.443s] INFO:colcon.colcon_core.shell:Creating prefix chain script '/home/miguel/ros2_ws/cpp_pubsub/install/setup.sh'
[14.446s] INFO:colcon.colcon_core.shell:Creating prefix script '/home/miguel/ros2_ws/cpp_pubsub/install/local_setup.bash'
[14.449s] INFO:colcon.colcon_core.shell:Creating prefix chain script '/home/miguel/ros2_ws/cpp_pubsub/install/setup.bash'
[14.451s] INFO:colcon.colcon_core.shell:Creating prefix script '/home/miguel/ros2_ws/cpp_pubsub/install/local_setup.zsh'
[14.453s] INFO:colcon.colcon_core.shell:Creating prefix chain script '/home/miguel/ros2_ws/cpp_pubsub/install/setup.zsh'
